2025-03-04 10:00:29,420  #####################################################################
2025-03-04 10:00:29,420  Chassis:                 10.165.136.66
2025-03-04 10:00:29,420  Username:                XOA
2025-03-04 10:00:29,420  Port:                    0/0
2025-03-04 10:00:29,420  RoCEv2 Traffic Rate:     40.0%
2025-03-04 10:00:29,420  Delay After Reset:       2 seconds
2025-03-04 10:00:29,420  RoCEv2 Flow Type:        RC SEND
2025-03-04 10:00:29,421  Frames Per Flow:         1000
2025-03-04 10:00:29,421  Frame Size:              4500 bytes (incl. FCS)
2025-03-04 10:00:29,421  Flow Repeat:             0
2025-03-04 10:00:29,421  RoCEv2 Flow MAC (Src):   aaaa.0a0a.0a0a
2025-03-04 10:00:29,421  RoCEv2 Flow MAC (Dst):   aaaa.0a0a.0a14
2025-03-04 10:00:29,421  RoCEv2 Flow IPv6 (Src):  2000::10
2025-03-04 10:00:29,421  RoCEv2 Flow IPv6 (Dst):  2000::20
2025-03-04 10:00:29,421  RoCEv2 QP (Dst):         5
2025-03-04 10:00:29,421  #####################################################################
2025-03-04 10:00:31,944  Configure port 0/0
2025-03-04 10:00:31,951     Configure RC SEND stream on port 0/0
2025-03-04 10:00:43,931  #####################################################################
2025-03-04 10:00:43,932  Chassis:                 10.165.136.66
2025-03-04 10:00:43,932  Username:                XOA
2025-03-04 10:00:43,932  Port:                    0/0
2025-03-04 10:00:43,932  RoCEv2 Traffic Rate:     40.0%
2025-03-04 10:00:43,932  Delay After Reset:       2 seconds
2025-03-04 10:00:43,932  RoCEv2 Flow Type:        RC SEND
2025-03-04 10:00:43,933  Frames Per Flow:         500
2025-03-04 10:00:43,933  Frame Size:              4500 bytes (incl. FCS)
2025-03-04 10:00:43,933  Flow Repeat:             0
2025-03-04 10:00:43,933  RoCEv2 Flow MAC (Src):   aaaa.0a0a.0a0a
2025-03-04 10:00:43,933  RoCEv2 Flow MAC (Dst):   aaaa.0a0a.0a14
2025-03-04 10:00:43,933  RoCEv2 Flow IPv6 (Src):  2000::10
2025-03-04 10:00:43,933  RoCEv2 Flow IPv6 (Dst):  2000::20
2025-03-04 10:00:43,933  RoCEv2 QP (Dst):         5
2025-03-04 10:00:43,933  #####################################################################
2025-03-04 10:00:46,363  Configure port 0/0
2025-03-04 10:00:46,377     Configure RC SEND stream on port 0/0
2025-03-04 10:01:37,044  #####################################################################
2025-03-04 10:01:37,046  Chassis:                 10.165.136.66
2025-03-04 10:01:37,046  Username:                XOA
2025-03-04 10:01:37,046  Port:                    6/0
2025-03-04 10:01:37,046  RoCEv2 Traffic Rate:     40.0%
2025-03-04 10:01:37,046  Delay After Reset:       2 seconds
2025-03-04 10:01:37,046  RoCEv2 Flow Type:        RC SEND
2025-03-04 10:01:37,046  Frames Per Flow:         500
2025-03-04 10:01:37,046  Frame Size:              4500 bytes (incl. FCS)
2025-03-04 10:01:37,046  Flow Repeat:             0
2025-03-04 10:01:37,046  RoCEv2 Flow MAC (Src):   aaaa.0a0a.0a0a
2025-03-04 10:01:37,046  RoCEv2 Flow MAC (Dst):   aaaa.0a0a.0a14
2025-03-04 10:01:37,046  RoCEv2 Flow IPv6 (Src):  2000::10
2025-03-04 10:01:37,046  RoCEv2 Flow IPv6 (Dst):  2000::20
2025-03-04 10:01:37,046  RoCEv2 QP (Dst):         5
2025-03-04 10:01:37,046  #####################################################################
2025-03-04 10:01:48,657  #####################################################################
2025-03-04 10:01:48,657  Chassis:                 10.165.136.60
2025-03-04 10:01:48,657  Username:                XOA
2025-03-04 10:01:48,657  Port:                    6/0
2025-03-04 10:01:48,657  RoCEv2 Traffic Rate:     40.0%
2025-03-04 10:01:48,657  Delay After Reset:       2 seconds
2025-03-04 10:01:48,657  RoCEv2 Flow Type:        RC SEND
2025-03-04 10:01:48,658  Frames Per Flow:         500
2025-03-04 10:01:48,658  Frame Size:              4500 bytes (incl. FCS)
2025-03-04 10:01:48,658  Flow Repeat:             0
2025-03-04 10:01:48,658  RoCEv2 Flow MAC (Src):   aaaa.0a0a.0a0a
2025-03-04 10:01:48,658  RoCEv2 Flow MAC (Dst):   aaaa.0a0a.0a14
2025-03-04 10:01:48,658  RoCEv2 Flow IPv6 (Src):  2000::10
2025-03-04 10:01:48,658  RoCEv2 Flow IPv6 (Dst):  2000::20
2025-03-04 10:01:48,658  RoCEv2 QP (Dst):         5
2025-03-04 10:01:48,658  #####################################################################
2025-03-04 10:01:50,719  Configure port 6/0
2025-03-04 10:01:50,727     Configure RC SEND stream on port 6/0
2025-03-04 15:58:43,140  #####################################################################
2025-03-04 15:58:43,140  Chassis:                 10.165.136.60
2025-03-04 15:58:43,141  Username:                XOA
2025-03-04 15:58:43,141  Port:                    6/0
2025-03-04 15:58:43,141  RoCEv2 Traffic Rate:     40.0%
2025-03-04 15:58:43,141  Delay After Reset:       2 seconds
2025-03-04 15:58:43,141  RoCEv2 Flow Type:        RC SEND
2025-03-04 15:58:43,141  Frames Per Flow:         100
2025-03-04 15:58:43,141  Frame Size:              4500 bytes (incl. FCS)
2025-03-04 15:58:43,141  Flow Repeat:             0
2025-03-04 15:58:43,141  RoCEv2 Flow MAC (Src):   aaaa.0a0a.0a0a
2025-03-04 15:58:43,141  RoCEv2 Flow MAC (Dst):   aaaa.0a0a.0a14
2025-03-04 15:58:43,141  RoCEv2 Flow IPv6 (Src):  2000::10
2025-03-04 15:58:43,141  RoCEv2 Flow IPv6 (Dst):  2000::20
2025-03-04 15:58:43,141  RoCEv2 QP (Dst):         5
2025-03-04 15:58:43,141  #####################################################################
2025-03-04 15:58:45,192  Configure port 6/0
2025-03-04 15:58:45,200     Configure RC SEND stream on port 6/0
2025-03-04 15:59:29,133  #####################################################################
2025-03-04 15:59:29,135  Chassis:                 10.165.136.60
2025-03-04 15:59:29,135  Username:                XOA
2025-03-04 15:59:29,135  Port:                    6/0
2025-03-04 15:59:29,135  RoCEv2 Traffic Rate:     40.0%
2025-03-04 15:59:29,135  Delay After Reset:       2 seconds
2025-03-04 15:59:29,135  RoCEv2 Flow Type:        RC SEND
2025-03-04 15:59:29,135  Frames Per Flow:         100
2025-03-04 15:59:29,135  Frame Size:              4500 bytes (incl. FCS)
2025-03-04 15:59:29,135  Flow Repeat:             0
2025-03-04 15:59:29,135  RoCEv2 Flow MAC (Src):   aaaa.0a0a.0a0a
2025-03-04 15:59:29,135  RoCEv2 Flow MAC (Dst):   aaaa.0a0a.0a14
2025-03-04 15:59:29,135  RoCEv2 Flow IPv6 (Src):  2000::10
2025-03-04 15:59:29,135  RoCEv2 Flow IPv6 (Dst):  2000::20
2025-03-04 15:59:29,135  RoCEv2 QP (Dst):         5
2025-03-04 15:59:29,135  #####################################################################
2025-03-04 15:59:31,180  Configure port 6/0
2025-03-04 15:59:31,192     Configure RC SEND stream on port 6/0
2025-03-04 15:59:31,630  Configuration complete
2025-03-04 15:59:48,704  #####################################################################
2025-03-04 15:59:48,705  Chassis:                 10.165.136.60
2025-03-04 15:59:48,705  Username:                XOA
2025-03-04 15:59:48,705  Port:                    6/0
2025-03-04 15:59:48,705  RoCEv2 Traffic Rate:     40.0%
2025-03-04 15:59:48,705  Delay After Reset:       2 seconds
2025-03-04 15:59:48,705  RoCEv2 Flow Type:        RC SEND
2025-03-04 15:59:48,705  Frames Per Flow:         1000
2025-03-04 15:59:48,705  Frame Size:              4500 bytes (incl. FCS)
2025-03-04 15:59:48,705  Flow Repeat:             0
2025-03-04 15:59:48,705  RoCEv2 Flow MAC (Src):   aaaa.0a0a.0a0a
2025-03-04 15:59:48,705  RoCEv2 Flow MAC (Dst):   aaaa.0a0a.0a14
2025-03-04 15:59:48,705  RoCEv2 Flow IPv6 (Src):  2000::10
2025-03-04 15:59:48,705  RoCEv2 Flow IPv6 (Dst):  2000::20
2025-03-04 15:59:48,705  RoCEv2 QP (Dst):         5
2025-03-04 15:59:48,705  #####################################################################
2025-03-04 15:59:50,751  Configure port 6/0
2025-03-04 15:59:50,759     Configure RC SEND stream on port 6/0
2025-03-04 15:59:55,099  Configuration complete
2025-03-04 16:20:42,131  #####################################################################
2025-03-04 16:20:42,133  Chassis:                 10.165.136.60
2025-03-04 16:20:42,133  Username:                XOA
2025-03-04 16:20:42,133  Port:                    6/0
2025-03-04 16:20:42,134  RoCEv2 Traffic Rate:     40.0%
2025-03-04 16:20:42,134  Delay After Reset:       2 seconds
2025-03-04 16:20:42,135  RoCEv2 Flow Type:        RC SEND
2025-03-04 16:20:42,135  Frames Per Flow:         1000
2025-03-04 16:20:42,135  Frame Size:              4500 bytes (incl. FCS)
2025-03-04 16:20:42,135  Flow Repeat:             0
2025-03-04 16:20:42,135  RoCEv2 Flow MAC (Src):   aaaa.0a0a.0a0a
2025-03-04 16:20:42,135  RoCEv2 Flow MAC (Dst):   aaaa.0a0a.0a14
2025-03-04 16:20:42,136  RoCEv2 Flow IPv6 (Src):  2000::10
2025-03-04 16:20:42,136  RoCEv2 Flow IPv6 (Dst):  2000::20
2025-03-04 16:20:42,136  RoCEv2 QP (Dst):         5
2025-03-04 16:20:42,136  #####################################################################
2025-03-04 16:20:44,183  Configure port 6/0
2025-03-04 16:20:44,191     Configure RC SEND stream on port 6/0
2025-03-04 16:20:48,746  Configuration complete
2025-03-04 16:30:27,155  #####################################################################
2025-03-04 16:30:27,156  Chassis:                 10.165.136.60
2025-03-04 16:30:27,156  Username:                XOA
2025-03-04 16:30:27,156  Port:                    6/0
2025-03-04 16:30:27,156  RoCEv2 Traffic Rate:     40.0%
2025-03-04 16:30:27,156  Delay After Reset:       2 seconds
2025-03-04 16:30:27,156  RoCEv2 Flow Type:        RC SEND
2025-03-04 16:30:27,156  Frames Per Flow:         1000
2025-03-04 16:30:27,156  Frame Size:              4500 bytes (incl. FCS)
2025-03-04 16:30:27,157  Flow Repeat:             0
2025-03-04 16:30:27,157  RoCEv2 Flow MAC (Src):   aaaa.0a0a.0a0a
2025-03-04 16:30:27,157  RoCEv2 Flow MAC (Dst):   aaaa.0a0a.0a14
2025-03-04 16:30:27,157  RoCEv2 Flow IPv6 (Src):  2000::10
2025-03-04 16:30:27,157  RoCEv2 Flow IPv6 (Dst):  2000::20
2025-03-04 16:30:27,157  RoCEv2 QP (Dst):         5
2025-03-04 16:30:27,157  #####################################################################
2025-03-04 16:30:29,205  Configure port 6/0
2025-03-04 16:30:29,216     Configure RC SEND stream on port 6/0
2025-03-04 16:30:33,452  Configuration complete
2025-03-04 16:33:12,149  #####################################################################
2025-03-04 16:33:12,150  Chassis:                 10.165.136.60
2025-03-04 16:33:12,150  Username:                XOA
2025-03-04 16:33:12,150  Port:                    6/0
2025-03-04 16:33:12,150  RoCEv2 Traffic Rate:     40.0%
2025-03-04 16:33:12,150  Delay After Reset:       2 seconds
2025-03-04 16:33:12,150  RoCEv2 Flow Type:        RC SEND
2025-03-04 16:33:12,150  Frames Per Flow:         1000
2025-03-04 16:33:12,150  Frame Size:              4500 bytes (incl. FCS)
2025-03-04 16:33:12,150  Flow Repeat:             0
2025-03-04 16:33:12,150  RoCEv2 Flow MAC (Src):   aaaa.0a0a.0a0a
2025-03-04 16:33:12,150  RoCEv2 Flow MAC (Dst):   aaaa.0a0a.0a14
2025-03-04 16:33:12,150  RoCEv2 Flow IPv6 (Src):  2000::10
2025-03-04 16:33:12,150  RoCEv2 Flow IPv6 (Dst):  2000::20
2025-03-04 16:33:12,151  RoCEv2 QP (Dst):         5
2025-03-04 16:33:12,151  #####################################################################
2025-03-04 16:33:14,193  Configure port 6/0
2025-03-04 16:33:14,207     Configure RC SEND stream on port 6/0
2025-03-04 16:33:18,715  Configuration complete
2025-03-04 16:50:59,166  #####################################################################
2025-03-04 16:50:59,167  Chassis:                 10.165.136.60
2025-03-04 16:50:59,167  Username:                XOA
2025-03-04 16:50:59,167  Port:                    6/0
2025-03-04 16:50:59,167  RoCEv2 Traffic Rate:     40.0%
2025-03-04 16:50:59,167  Delay After Reset:       2 seconds
2025-03-04 16:50:59,167  RoCEv2 Flow Type:        RC SEND
2025-03-04 16:50:59,167  Frames Per Flow:         1000
2025-03-04 16:50:59,167  Frame Size:              4500 bytes (incl. FCS)
2025-03-04 16:50:59,167  Flow Repeat:             0
2025-03-04 16:50:59,167  RoCEv2 Flow MAC (Src):   aaaa.0a0a.0a0a
2025-03-04 16:50:59,167  RoCEv2 Flow MAC (Dst):   aaaa.0a0a.0a14
2025-03-04 16:50:59,167  RoCEv2 Flow IPv6 (Src):  2000::10
2025-03-04 16:50:59,167  RoCEv2 Flow IPv6 (Dst):  2000::20
2025-03-04 16:50:59,167  RoCEv2 QP (Dst):         5
2025-03-04 16:50:59,167  #####################################################################
2025-03-04 16:51:01,210  Configure port 6/0
2025-03-04 16:51:01,221     Configure RC SEND stream on port 6/0
2025-03-04 16:51:04,806  Configuration complete
2025-03-06 14:01:30,415  #####################################################################
2025-03-06 14:01:30,417  Chassis:                 10.165.153.101
2025-03-06 14:01:30,417  Username:                XOA
2025-03-06 14:01:30,417  Port:                    7/0
2025-03-06 14:01:30,417  RoCEv2 Traffic Rate:     40.0%
2025-03-06 14:01:30,417  Delay After Reset:       2 seconds
2025-03-06 14:01:30,417  RoCEv2 Flow Type:        RC SEND
2025-03-06 14:01:30,417  Frames Per Flow:         1000
2025-03-06 14:01:30,417  Frame Size:              4500 bytes (incl. FCS)
2025-03-06 14:01:30,417  Flow Repeat:             0
2025-03-06 14:01:30,417  RoCEv2 Flow MAC (Src):   aaaa.0a0a.0a0a
2025-03-06 14:01:30,417  RoCEv2 Flow MAC (Dst):   aaaa.0a0a.0a14
2025-03-06 14:01:30,417  RoCEv2 Flow IPv6 (Src):  2000::10
2025-03-06 14:01:30,417  RoCEv2 Flow IPv6 (Dst):  2000::20
2025-03-06 14:01:30,417  RoCEv2 QP (Dst):         5
2025-03-06 14:01:30,417  #####################################################################
2025-03-06 14:01:32,460  Configure port 7/0
2025-03-06 14:01:32,472     Configure RC SEND stream on port 7/0
2025-03-06 14:01:36,481  Configuration complete
