2025-03-06 14:38:04,348  #####################################################################
2025-03-06 14:38:04,348  Chassis:                 10.165.153.101
2025-03-06 14:38:04,348  Username:                XOA
2025-03-06 14:38:04,348  Port:                    7/0
2025-03-06 14:38:04,348  RoCEv2 Traffic Rate:     40.0%
2025-03-06 14:38:04,348  Delay After Reset:       2 seconds
2025-03-06 14:38:04,349  RoCEv2 Flow Type:        RC SEND
2025-03-06 14:38:04,349  Frames Per Flow:         1000
2025-03-06 14:38:04,349  Frame Size:              4500 bytes (incl. FCS)
2025-03-06 14:38:04,349  Flow Repeat:             0
2025-03-06 14:38:04,349  RoCEv2 Flow MAC (Src):   aaaa.0a0a.0a0a
2025-03-06 14:38:04,349  RoCEv2 Flow MAC (Dst):   aaaa.0a0a.0a14
2025-03-06 14:38:04,349  RoCEv2 Flow IP (Src):    2000::10
2025-03-06 14:38:04,349  RoCEv2 Flow IP (Dst):    2000::20
2025-03-06 14:38:04,349  RoCEv2 QP (Dst):         5
2025-03-06 14:38:04,349  #####################################################################
2025-03-06 14:38:06,399  Configure port 7/0
2025-03-06 14:38:06,412     Configure RC SEND stream on port 7/0
2025-03-06 14:38:10,513  Configuration complete
2025-03-06 14:46:54,342  #####################################################################
2025-03-06 14:46:54,343  Chassis:                 10.165.153.101
2025-03-06 14:46:54,343  Username:                XOA
2025-03-06 14:46:54,343  Port:                    7/0
2025-03-06 14:46:54,343  RoCEv2 Traffic Rate:     40.0%
2025-03-06 14:46:54,343  Delay After Reset:       2 seconds
2025-03-06 14:46:54,344  RoCEv2 Flow Type:        RC SEND
2025-03-06 14:46:54,344  Frames Per Flow:         1000
2025-03-06 14:46:54,344  Frame Size:              4500 bytes (incl. FCS)
2025-03-06 14:46:54,344  Flow Repeat:             0
2025-03-06 14:46:54,344  RoCEv2 Flow MAC (Src):   aaaa.0a0a.0a0a
2025-03-06 14:46:54,344  RoCEv2 Flow MAC (Dst):   aaaa.0a0a.0a14
2025-03-06 14:46:54,344  RoCEv2 Flow IP (Src):    10.10.10.10
2025-03-06 14:46:54,344  RoCEv2 Flow IP (Dst):    10.10.10.20
2025-03-06 14:46:54,344  RoCEv2 QP (Dst):         5
2025-03-06 14:46:54,344  #####################################################################
2025-03-06 14:46:56,389  Configure port 7/0
2025-03-06 14:46:56,395     Configure RC SEND stream on port 7/0
2025-03-06 14:47:00,605  Configuration complete
2025-03-06 14:49:01,406  #####################################################################
2025-03-06 14:49:01,407  Chassis:                 10.165.153.101
2025-03-06 14:49:01,407  Username:                XOA
2025-03-06 14:49:01,407  Port:                    7/0
2025-03-06 14:49:01,407  RoCEv2 Traffic Rate:     40.0%
2025-03-06 14:49:01,407  Delay After Reset:       2 seconds
2025-03-06 14:49:01,407  RoCEv2 Flow Type:        RC SEND
2025-03-06 14:49:01,407  Frames Per Flow:         1000
2025-03-06 14:49:01,408  Frame Size:              4500 bytes (incl. FCS)
2025-03-06 14:49:01,408  Flow Repeat:             0
2025-03-06 14:49:01,408  RoCEv2 Flow MAC (Src):   aaaa.0a0a.0a0a
2025-03-06 14:49:01,408  RoCEv2 Flow MAC (Dst):   aaaa.0a0a.0a14
2025-03-06 14:49:01,408  RoCEv2 Flow IP (Src):    2000::10
2025-03-06 14:49:01,408  RoCEv2 Flow IP (Dst):    2000::20
2025-03-06 14:49:01,408  RoCEv2 QP (Dst):         5
2025-03-06 14:49:01,408  #####################################################################
2025-03-06 14:49:03,493  Configure port 7/0
2025-03-06 14:49:03,505     Configure RC SEND stream on port 7/0
2025-03-06 14:49:11,832  Configuration complete
