2025-03-06 14:38:14,353  #####################################################################
2025-03-06 14:38:14,353  Chassis:                 10.165.153.101
2025-03-06 14:38:14,353  Username:                XOA
2025-03-06 14:38:14,353  Port:                    7/0
2025-03-06 14:38:14,353  Port Traffic Rate:       40.0%
2025-03-06 14:38:14,353  Delay After Reset:       2 seconds
2025-03-06 14:38:14,353  RoCEv2 Flow Type:        UD SEND
2025-03-06 14:38:14,353  Frames Per Flow:         1000
2025-03-06 14:38:14,353  Frame Size:              4500 bytes (incl. FCS)
2025-03-06 14:38:14,354  Flow Repeat:             0
2025-03-06 14:38:14,354  RoCEv2 Flow MAC (Src):   aaaa.0a0a.0a0a
2025-03-06 14:38:14,354  RoCEv2 Flow MAC (Dst):   aaaa.0a0a.0a14
2025-03-06 14:38:14,354  RoCEv2 Flow IP (Src):  2000::10
2025-03-06 14:38:14,354  RoCEv2 Flow IP (Dst):  2000::20
2025-03-06 14:38:14,354  RoCEv2 QP (Src):         10
2025-03-06 14:38:14,354  RoCEv2 QP (Dst):         11
2025-03-06 14:38:14,354  #####################################################################
2025-03-06 14:38:16,403  Configure port 7/0
2025-03-06 14:38:20,529  Configuration complete
2025-03-06 14:39:41,351  #####################################################################
2025-03-06 14:39:41,352  Chassis:                 10.165.153.101
2025-03-06 14:39:41,352  Username:                XOA
2025-03-06 14:39:41,352  Port:                    7/0
2025-03-06 14:39:41,352  Port Traffic Rate:       40.0%
2025-03-06 14:39:41,352  Delay After Reset:       2 seconds
2025-03-06 14:39:41,352  RoCEv2 Flow Type:        UD SEND
2025-03-06 14:39:41,352  Frames Per Flow:         1000
2025-03-06 14:39:41,353  Frame Size:              4500 bytes (incl. FCS)
2025-03-06 14:39:41,353  Flow Repeat:             0
2025-03-06 14:39:41,353  RoCEv2 Flow MAC (Src):   aaaa.0a0a.0a0a
2025-03-06 14:39:41,353  RoCEv2 Flow MAC (Dst):   aaaa.0a0a.0a14
2025-03-06 14:39:41,353  RoCEv2 Flow IP (Src):    2000::10
2025-03-06 14:39:41,353  RoCEv2 Flow IP (Dst):    2000::20
2025-03-06 14:39:41,353  RoCEv2 QP (Src):         10
2025-03-06 14:39:41,353  RoCEv2 QP (Dst):         11
2025-03-06 14:39:41,353  #####################################################################
2025-03-06 14:39:43,408  Configure port 7/0
2025-03-06 14:39:43,457  Configuration complete
2025-03-06 14:41:06,914  #####################################################################
2025-03-06 14:41:06,915  Chassis:                 10.165.153.101
2025-03-06 14:41:06,915  Username:                XOA
2025-03-06 14:41:06,915  Port:                    7/0
2025-03-06 14:41:06,915  Port Traffic Rate:       40.0%
2025-03-06 14:41:06,915  Delay After Reset:       2 seconds
2025-03-06 14:41:06,915  RoCEv2 Flow Type:        UD SEND
2025-03-06 14:41:06,915  Frames Per Flow:         1000
2025-03-06 14:41:06,916  Frame Size:              4500 bytes (incl. FCS)
2025-03-06 14:41:06,916  Flow Repeat:             0
2025-03-06 14:41:06,916  RoCEv2 Flow MAC (Src):   aaaa.0a0a.0a0a
2025-03-06 14:41:06,916  RoCEv2 Flow MAC (Dst):   aaaa.0a0a.0a14
2025-03-06 14:41:06,916  RoCEv2 Flow IP (Src):    10.10.10.10
2025-03-06 14:41:06,916  RoCEv2 Flow IP (Dst):    10.10.10.20
2025-03-06 14:41:06,916  RoCEv2 QP (Src):         10
2025-03-06 14:41:06,916  RoCEv2 QP (Dst):         11
2025-03-06 14:41:06,916  #####################################################################
2025-03-06 14:41:08,958  Configure port 7/0
2025-03-06 14:41:09,005  Configuration complete
2025-03-06 14:49:56,933  #####################################################################
2025-03-06 14:49:56,934  Chassis:                 10.165.153.101
2025-03-06 14:49:56,934  Username:                XOA
2025-03-06 14:49:56,935  Port:                    7/0
2025-03-06 14:49:56,935  Port Traffic Rate:       40.0%
2025-03-06 14:49:56,935  Delay After Reset:       2 seconds
2025-03-06 14:49:56,935  RoCEv2 Flow Type:        UD SEND
2025-03-06 14:49:56,935  Frames Per Flow:         1000
2025-03-06 14:49:56,935  Frame Size:              4500 bytes (incl. FCS)
2025-03-06 14:49:56,935  Flow Repeat:             0
2025-03-06 14:49:56,935  RoCEv2 Flow MAC (Src):   aaaa.0a0a.0a0a
2025-03-06 14:49:56,935  RoCEv2 Flow MAC (Dst):   aaaa.0a0a.0a14
2025-03-06 14:49:56,935  RoCEv2 Flow IP (Src):    10.10.10.10
2025-03-06 14:49:56,935  RoCEv2 Flow IP (Dst):    10.10.10.2
2025-03-06 14:49:56,935  RoCEv2 QP (Src):         10
2025-03-06 14:49:56,935  RoCEv2 QP (Dst):         11
2025-03-06 14:49:56,935  #####################################################################
2025-03-06 14:49:58,985  Configure port 7/0
2025-03-06 14:49:59,040  Configuration complete
2025-03-06 14:50:24,836  #####################################################################
2025-03-06 14:50:24,837  Chassis:                 10.165.153.101
2025-03-06 14:50:24,837  Username:                XOA
2025-03-06 14:50:24,837  Port:                    7/0
2025-03-06 14:50:24,837  Port Traffic Rate:       40.0%
2025-03-06 14:50:24,837  Delay After Reset:       2 seconds
2025-03-06 14:50:24,837  RoCEv2 Flow Type:        UD SEND
2025-03-06 14:50:24,837  Frames Per Flow:         1000
2025-03-06 14:50:24,837  Frame Size:              4500 bytes (incl. FCS)
2025-03-06 14:50:24,837  Flow Repeat:             0
2025-03-06 14:50:24,837  RoCEv2 Flow MAC (Src):   aaaa.0a0a.0a0a
2025-03-06 14:50:24,837  RoCEv2 Flow MAC (Dst):   aaaa.0a0a.0a14
2025-03-06 14:50:24,837  RoCEv2 Flow IP (Src):    2000::10
2025-03-06 14:50:24,837  RoCEv2 Flow IP (Dst):    2000::20
2025-03-06 14:50:24,837  RoCEv2 QP (Src):         10
2025-03-06 14:50:24,837  RoCEv2 QP (Dst):         11
2025-03-06 14:50:24,837  #####################################################################
2025-03-06 14:50:26,889  Configure port 7/0
2025-03-06 14:50:26,934  Configuration complete
